{"numFailedTestSuites":4,"numFailedTests":4,"numPassedTestSuites":0,"numPassedTests":0,"numPendingTestSuites":0,"numPendingTests":0,"numRuntimeErrorTestSuites":2,"numTotalTestSuites":4,"numTotalTests":4,"openHandles":[],"snapshot":{"added":0,"didUpdate":false,"failure":false,"filesAdded":0,"filesRemoved":0,"filesUnmatched":0,"filesUpdated":0,"matched":0,"total":0,"unchecked":0,"uncheckedKeysByFile":[],"unmatched":0,"updated":0},"startTime":1532718591514,"success":false,"testResults":[{"assertionResults":[],"coverage":{},"endTime":1532718594274,"message":"  \u001b[1m● \u001b[22mTest suite failed to run\n\n    ReferenceError: __VERSION__ is not defined\n\n    \u001b[0m \u001b[90m  5 | \u001b[39m\u001b[90m// injected by Webpack.DefinePlugin\u001b[39m\u001b[0m\n    \u001b[0m \u001b[90m  6 | \u001b[39mdeclare \u001b[36mvar\u001b[39m __VERSION__ \u001b[33m:\u001b[39mstring\u001b[33m;\u001b[39m\u001b[0m\n    \u001b[0m\u001b[31m\u001b[1m>\u001b[22m\u001b[39m\u001b[90m  7 | \u001b[39m\u001b[36mconst\u001b[39m version \u001b[33m:\u001b[39mstring \u001b[33m=\u001b[39m __VERSION__\u001b[33m;\u001b[39m\u001b[0m\n    \u001b[0m \u001b[90m    | \u001b[39m                        \u001b[31m\u001b[1m^\u001b[22m\u001b[39m\u001b[0m\n    \u001b[0m \u001b[90m  8 | \u001b[39m\u001b[0m\n    \u001b[0m \u001b[90m  9 | \u001b[39m\u001b[36mexport\u001b[39m { version }\u001b[33m;\u001b[39m\u001b[0m\n    \u001b[0m \u001b[90m 10 | \u001b[39m\u001b[36mexport\u001b[39m { \u001b[36mdefault\u001b[39m as \u001b[33mButton\u001b[39m } from \u001b[32m'./button'\u001b[39m\u001b[33m;\u001b[39m\u001b[0m\n\n      \u001b[2mat Object.<anonymous> (\u001b[22m\u001b[0m\u001b[36msrc/index.js\u001b[39m\u001b[0m\u001b[2m:7:25)\u001b[22m\n      \u001b[2mat Object.<anonymous> (\u001b[22m\u001b[0m\u001b[36msrc/index_default_export.test.js\u001b[39m\u001b[0m\u001b[2m:5:1)\u001b[22m\n","name":"/Users/solomon/openlattice-frontend/lattice-ui-kit/src/index_default_export.test.js","startTime":1532718594274,"status":"failed","summary":""},{"assertionResults":[],"coverage":{},"endTime":1532718594274,"message":"  \u001b[1m● \u001b[22mTest suite failed to run\n\n    ReferenceError: __VERSION__ is not defined\n\n    \u001b[0m \u001b[90m  5 | \u001b[39m\u001b[90m// injected by Webpack.DefinePlugin\u001b[39m\u001b[0m\n    \u001b[0m \u001b[90m  6 | \u001b[39mdeclare \u001b[36mvar\u001b[39m __VERSION__ \u001b[33m:\u001b[39mstring\u001b[33m;\u001b[39m\u001b[0m\n    \u001b[0m\u001b[31m\u001b[1m>\u001b[22m\u001b[39m\u001b[90m  7 | \u001b[39m\u001b[36mconst\u001b[39m version \u001b[33m:\u001b[39mstring \u001b[33m=\u001b[39m __VERSION__\u001b[33m;\u001b[39m\u001b[0m\n    \u001b[0m \u001b[90m    | \u001b[39m                        \u001b[31m\u001b[1m^\u001b[22m\u001b[39m\u001b[0m\n    \u001b[0m \u001b[90m  8 | \u001b[39m\u001b[0m\n    \u001b[0m \u001b[90m  9 | \u001b[39m\u001b[36mexport\u001b[39m { version }\u001b[33m;\u001b[39m\u001b[0m\n    \u001b[0m \u001b[90m 10 | \u001b[39m\u001b[36mexport\u001b[39m { \u001b[36mdefault\u001b[39m as \u001b[33mButton\u001b[39m } from \u001b[32m'./button'\u001b[39m\u001b[33m;\u001b[39m\u001b[0m\n\n      \u001b[2mat Object.<anonymous> (\u001b[22m\u001b[0m\u001b[36msrc/index.js\u001b[39m\u001b[0m\u001b[2m:7:25)\u001b[22m\n      \u001b[2mat Object.<anonymous> (\u001b[22m\u001b[0m\u001b[36msrc/index_named_exports.test.js\u001b[39m\u001b[0m\u001b[2m:3:1)\u001b[22m\n","name":"/Users/solomon/openlattice-frontend/lattice-ui-kit/src/index_named_exports.test.js","startTime":1532718594274,"status":"failed","summary":""},{"assertionResults":[{"ancestorTitles":["Creatable"],"failureMessages":["Error: \n      Enzyme Internal Error: Enzyme expects an adapter to be configured, but found none. To\n      configure an adapter, you should call `Enzyme.configure({ adapter: new Adapter() })`\n      before using any of Enzyme's top level APIs, where `Adapter` is the adapter\n      corresponding to the library currently being tested. For example:\n\n      import Adapter from 'enzyme-adapter-react-15';\n\n      To find out more about this, see http://airbnb.io/enzyme/docs/installation/index.html\n    \n    at validateAdapter (/Users/solomon/openlattice-frontend/lattice-ui-kit/node_modules/enzyme/build/validateAdapter.js:14:11)\n    at getAdapter (/Users/solomon/openlattice-frontend/lattice-ui-kit/node_modules/enzyme/build/Utils.js:76:36)\n    at new ShallowWrapper (/Users/solomon/openlattice-frontend/lattice-ui-kit/node_modules/enzyme/build/ShallowWrapper.js:117:44)\n    at shallow (/Users/solomon/openlattice-frontend/lattice-ui-kit/node_modules/enzyme/build/shallow.js:19:10)\n    at Object.<anonymous> (/Users/solomon/openlattice-frontend/lattice-ui-kit/src/select/src/components/__tests__/Creatable.test.js:10:18)\n    at Object.asyncFn (/Users/solomon/openlattice-frontend/lattice-ui-kit/node_modules/jest-jasmine2/build/jasmine_async.js:108:37)\n    at resolve (/Users/solomon/openlattice-frontend/lattice-ui-kit/node_modules/jest-jasmine2/build/queue_runner.js:56:12)\n    at new Promise (<anonymous>)\n    at mapper (/Users/solomon/openlattice-frontend/lattice-ui-kit/node_modules/jest-jasmine2/build/queue_runner.js:43:19)\n    at promise.then (/Users/solomon/openlattice-frontend/lattice-ui-kit/node_modules/jest-jasmine2/build/queue_runner.js:87:41)\n    at process._tickCallback (internal/process/next_tick.js:68:7)"],"fullName":"Creatable render matches snapshot","location":null,"status":"failed","title":"render matches snapshot"},{"ancestorTitles":["Creatable"],"failureMessages":["Error: \n      Enzyme Internal Error: Enzyme expects an adapter to be configured, but found none. To\n      configure an adapter, you should call `Enzyme.configure({ adapter: new Adapter() })`\n      before using any of Enzyme's top level APIs, where `Adapter` is the adapter\n      corresponding to the library currently being tested. For example:\n\n      import Adapter from 'enzyme-adapter-react-15';\n\n      To find out more about this, see http://airbnb.io/enzyme/docs/installation/index.html\n    \n    at validateAdapter (/Users/solomon/openlattice-frontend/lattice-ui-kit/node_modules/enzyme/build/validateAdapter.js:14:11)\n    at getAdapter (/Users/solomon/openlattice-frontend/lattice-ui-kit/node_modules/enzyme/build/Utils.js:76:36)\n    at new ReactWrapper (/Users/solomon/openlattice-frontend/lattice-ui-kit/node_modules/enzyme/build/ReactWrapper.js:96:44)\n    at mount (/Users/solomon/openlattice-frontend/lattice-ui-kit/node_modules/enzyme/build/mount.js:19:10)\n    at Object.<anonymous> (/Users/solomon/openlattice-frontend/lattice-ui-kit/src/select/src/components/__tests__/Creatable.test.js:15:21)\n    at Object.asyncFn (/Users/solomon/openlattice-frontend/lattice-ui-kit/node_modules/jest-jasmine2/build/jasmine_async.js:108:37)\n    at resolve (/Users/solomon/openlattice-frontend/lattice-ui-kit/node_modules/jest-jasmine2/build/queue_runner.js:56:12)\n    at new Promise (<anonymous>)\n    at mapper (/Users/solomon/openlattice-frontend/lattice-ui-kit/node_modules/jest-jasmine2/build/queue_runner.js:43:19)\n    at promise.then (/Users/solomon/openlattice-frontend/lattice-ui-kit/node_modules/jest-jasmine2/build/queue_runner.js:87:41)\n    at process._tickCallback (internal/process/next_tick.js:68:7)"],"fullName":"Creatable attrs classNamePrefix is set to \"lattice-select\"","location":null,"status":"failed","title":"attrs classNamePrefix is set to \"lattice-select\""}],"endTime":1532718594260,"message":"\u001b[1m\u001b[31m  \u001b[1m● \u001b[1mCreatable › render matches snapshot\u001b[39m\u001b[22m\n\n\n          Enzyme Internal Error: Enzyme expects an adapter to be configured, but found none. To\n          configure an adapter, you should call `Enzyme.configure({ adapter: new Adapter() })`\n          before using any of Enzyme's top level APIs, where `Adapter` is the adapter\n          corresponding to the library currently being tested. For example:\n\n          import Adapter from 'enzyme-adapter-react-15';\n\n          To find out more about this, see http://airbnb.io/enzyme/docs/installation/index.html\n\u001b[2m\u001b[22m\n\u001b[2m    \u001b[0m \u001b[90m  8 | \u001b[39m\u001b[0m\u001b[22m\n\u001b[2m    \u001b[0m \u001b[90m  9 | \u001b[39m  it(\u001b[32m'render matches snapshot'\u001b[39m\u001b[33m,\u001b[39m () \u001b[33m=>\u001b[39m {\u001b[0m\u001b[22m\n\u001b[2m    \u001b[0m\u001b[31m\u001b[1m>\u001b[2m\u001b[39m\u001b[90m 10 | \u001b[39m    \u001b[36mconst\u001b[39m tree \u001b[33m=\u001b[39m shallow(\u001b[33m<\u001b[39m\u001b[33mCreatable\u001b[39m \u001b[33m/\u001b[39m\u001b[33m>\u001b[39m)\u001b[0m\u001b[22m\n\u001b[2m    \u001b[0m \u001b[90m    | \u001b[39m                 \u001b[31m\u001b[1m^\u001b[2m\u001b[39m\u001b[0m\u001b[22m\n\u001b[2m    \u001b[0m \u001b[90m 11 | \u001b[39m    expect(toJson(tree))\u001b[33m.\u001b[39mtoMatchSnapshot()\u001b[33m;\u001b[39m\u001b[0m\u001b[22m\n\u001b[2m    \u001b[0m \u001b[90m 12 | \u001b[39m  })\u001b[33m;\u001b[39m\u001b[0m\u001b[22m\n\u001b[2m    \u001b[0m \u001b[90m 13 | \u001b[39m\u001b[0m\u001b[22m\n\u001b[2m\u001b[22m\n\u001b[2m          \u001b[22m\n\u001b[2m      \u001b[2mat validateAdapter (\u001b[2m\u001b[0m\u001b[36mnode_modules/enzyme/build/validateAdapter.js\u001b[39m\u001b[0m\u001b[2m:14:11)\u001b[2m\u001b[22m\n\u001b[2m      \u001b[2mat getAdapter (\u001b[2m\u001b[0m\u001b[36mnode_modules/enzyme/build/Utils.js\u001b[39m\u001b[0m\u001b[2m:76:36)\u001b[2m\u001b[22m\n\u001b[2m      \u001b[2mat new ShallowWrapper (\u001b[2m\u001b[0m\u001b[36mnode_modules/enzyme/build/ShallowWrapper.js\u001b[39m\u001b[0m\u001b[2m:117:44)\u001b[2m\u001b[22m\n\u001b[2m      \u001b[2mat shallow (\u001b[2m\u001b[0m\u001b[36mnode_modules/enzyme/build/shallow.js\u001b[39m\u001b[0m\u001b[2m:19:10)\u001b[2m\u001b[22m\n\u001b[2m      \u001b[2mat Object.<anonymous> (\u001b[2m\u001b[0m\u001b[36msrc/select/src/components/__tests__/Creatable.test.js\u001b[39m\u001b[0m\u001b[2m:10:18)\u001b[2m\u001b[22m\n\n\u001b[1m\u001b[31m  \u001b[1m● \u001b[1mCreatable › attrs classNamePrefix is set to \"lattice-select\"\u001b[39m\u001b[22m\n\n\n          Enzyme Internal Error: Enzyme expects an adapter to be configured, but found none. To\n          configure an adapter, you should call `Enzyme.configure({ adapter: new Adapter() })`\n          before using any of Enzyme's top level APIs, where `Adapter` is the adapter\n          corresponding to the library currently being tested. For example:\n\n          import Adapter from 'enzyme-adapter-react-15';\n\n          To find out more about this, see http://airbnb.io/enzyme/docs/installation/index.html\n\u001b[2m\u001b[22m\n\u001b[2m    \u001b[0m \u001b[90m 13 | \u001b[39m\u001b[0m\u001b[22m\n\u001b[2m    \u001b[0m \u001b[90m 14 | \u001b[39m  it(\u001b[32m'attrs classNamePrefix is set to \"lattice-select\"'\u001b[39m\u001b[33m,\u001b[39m () \u001b[33m=>\u001b[39m {\u001b[0m\u001b[22m\n\u001b[2m    \u001b[0m\u001b[31m\u001b[1m>\u001b[2m\u001b[39m\u001b[90m 15 | \u001b[39m    \u001b[36mconst\u001b[39m wrapper \u001b[33m=\u001b[39m mount(\u001b[33m<\u001b[39m\u001b[33mCreatable\u001b[39m \u001b[33m/\u001b[39m\u001b[33m>\u001b[39m)\u001b[0m\u001b[22m\n\u001b[2m    \u001b[0m \u001b[90m    | \u001b[39m                    \u001b[31m\u001b[1m^\u001b[2m\u001b[39m\u001b[0m\u001b[22m\n\u001b[2m    \u001b[0m \u001b[90m 16 | \u001b[39m    expect(wrapper\u001b[33m.\u001b[39minstance()\u001b[33m.\u001b[39mattrs\u001b[33m.\u001b[39mclassNamePrefix)\u001b[33m.\u001b[39mtoEqual(\u001b[32m'lattice-select'\u001b[39m)\u001b[33m;\u001b[39m\u001b[0m\u001b[22m\n\u001b[2m    \u001b[0m \u001b[90m 17 | \u001b[39m  })\u001b[33m;\u001b[39m\u001b[0m\u001b[22m\n\u001b[2m    \u001b[0m \u001b[90m 18 | \u001b[39m  \u001b[0m\u001b[22m\n\u001b[2m\u001b[22m\n\u001b[2m          \u001b[22m\n\u001b[2m      \u001b[2mat validateAdapter (\u001b[2m\u001b[0m\u001b[36mnode_modules/enzyme/build/validateAdapter.js\u001b[39m\u001b[0m\u001b[2m:14:11)\u001b[2m\u001b[22m\n\u001b[2m      \u001b[2mat getAdapter (\u001b[2m\u001b[0m\u001b[36mnode_modules/enzyme/build/Utils.js\u001b[39m\u001b[0m\u001b[2m:76:36)\u001b[2m\u001b[22m\n\u001b[2m      \u001b[2mat new ReactWrapper (\u001b[2m\u001b[0m\u001b[36mnode_modules/enzyme/build/ReactWrapper.js\u001b[39m\u001b[0m\u001b[2m:96:44)\u001b[2m\u001b[22m\n\u001b[2m      \u001b[2mat mount (\u001b[2m\u001b[0m\u001b[36mnode_modules/enzyme/build/mount.js\u001b[39m\u001b[0m\u001b[2m:19:10)\u001b[2m\u001b[22m\n\u001b[2m      \u001b[2mat Object.<anonymous> (\u001b[2m\u001b[0m\u001b[36msrc/select/src/components/__tests__/Creatable.test.js\u001b[39m\u001b[0m\u001b[2m:15:21)\u001b[2m\u001b[22m\n","name":"/Users/solomon/openlattice-frontend/lattice-ui-kit/src/select/src/components/__tests__/Creatable.test.js","startTime":1532718592727,"status":"failed","summary":""},{"assertionResults":[{"ancestorTitles":["Select"],"failureMessages":["Error: \n      Enzyme Internal Error: Enzyme expects an adapter to be configured, but found none. To\n      configure an adapter, you should call `Enzyme.configure({ adapter: new Adapter() })`\n      before using any of Enzyme's top level APIs, where `Adapter` is the adapter\n      corresponding to the library currently being tested. For example:\n\n      import Adapter from 'enzyme-adapter-react-15';\n\n      To find out more about this, see http://airbnb.io/enzyme/docs/installation/index.html\n    \n    at validateAdapter (/Users/solomon/openlattice-frontend/lattice-ui-kit/node_modules/enzyme/build/validateAdapter.js:14:11)\n    at getAdapter (/Users/solomon/openlattice-frontend/lattice-ui-kit/node_modules/enzyme/build/Utils.js:76:36)\n    at new ShallowWrapper (/Users/solomon/openlattice-frontend/lattice-ui-kit/node_modules/enzyme/build/ShallowWrapper.js:117:44)\n    at shallow (/Users/solomon/openlattice-frontend/lattice-ui-kit/node_modules/enzyme/build/shallow.js:19:10)\n    at Object.<anonymous> (/Users/solomon/openlattice-frontend/lattice-ui-kit/src/select/src/components/__tests__/Select.test.js:10:18)\n    at Object.asyncFn (/Users/solomon/openlattice-frontend/lattice-ui-kit/node_modules/jest-jasmine2/build/jasmine_async.js:108:37)\n    at resolve (/Users/solomon/openlattice-frontend/lattice-ui-kit/node_modules/jest-jasmine2/build/queue_runner.js:56:12)\n    at new Promise (<anonymous>)\n    at mapper (/Users/solomon/openlattice-frontend/lattice-ui-kit/node_modules/jest-jasmine2/build/queue_runner.js:43:19)\n    at promise.then (/Users/solomon/openlattice-frontend/lattice-ui-kit/node_modules/jest-jasmine2/build/queue_runner.js:87:41)\n    at process._tickCallback (internal/process/next_tick.js:68:7)"],"fullName":"Select render matches snapshot","location":null,"status":"failed","title":"render matches snapshot"},{"ancestorTitles":["Select"],"failureMessages":["Error: \n      Enzyme Internal Error: Enzyme expects an adapter to be configured, but found none. To\n      configure an adapter, you should call `Enzyme.configure({ adapter: new Adapter() })`\n      before using any of Enzyme's top level APIs, where `Adapter` is the adapter\n      corresponding to the library currently being tested. For example:\n\n      import Adapter from 'enzyme-adapter-react-15';\n\n      To find out more about this, see http://airbnb.io/enzyme/docs/installation/index.html\n    \n    at validateAdapter (/Users/solomon/openlattice-frontend/lattice-ui-kit/node_modules/enzyme/build/validateAdapter.js:14:11)\n    at getAdapter (/Users/solomon/openlattice-frontend/lattice-ui-kit/node_modules/enzyme/build/Utils.js:76:36)\n    at new ReactWrapper (/Users/solomon/openlattice-frontend/lattice-ui-kit/node_modules/enzyme/build/ReactWrapper.js:96:44)\n    at mount (/Users/solomon/openlattice-frontend/lattice-ui-kit/node_modules/enzyme/build/mount.js:19:10)\n    at Object.<anonymous> (/Users/solomon/openlattice-frontend/lattice-ui-kit/src/select/src/components/__tests__/Select.test.js:15:21)\n    at Object.asyncFn (/Users/solomon/openlattice-frontend/lattice-ui-kit/node_modules/jest-jasmine2/build/jasmine_async.js:108:37)\n    at resolve (/Users/solomon/openlattice-frontend/lattice-ui-kit/node_modules/jest-jasmine2/build/queue_runner.js:56:12)\n    at new Promise (<anonymous>)\n    at mapper (/Users/solomon/openlattice-frontend/lattice-ui-kit/node_modules/jest-jasmine2/build/queue_runner.js:43:19)\n    at promise.then (/Users/solomon/openlattice-frontend/lattice-ui-kit/node_modules/jest-jasmine2/build/queue_runner.js:87:41)\n    at process._tickCallback (internal/process/next_tick.js:68:7)"],"fullName":"Select attrs classNamePrefix is set to \"lattice-select\"","location":null,"status":"failed","title":"attrs classNamePrefix is set to \"lattice-select\""}],"endTime":1532718594264,"message":"\u001b[1m\u001b[31m  \u001b[1m● \u001b[1mSelect › render matches snapshot\u001b[39m\u001b[22m\n\n\n          Enzyme Internal Error: Enzyme expects an adapter to be configured, but found none. To\n          configure an adapter, you should call `Enzyme.configure({ adapter: new Adapter() })`\n          before using any of Enzyme's top level APIs, where `Adapter` is the adapter\n          corresponding to the library currently being tested. For example:\n\n          import Adapter from 'enzyme-adapter-react-15';\n\n          To find out more about this, see http://airbnb.io/enzyme/docs/installation/index.html\n\u001b[2m\u001b[22m\n\u001b[2m    \u001b[0m \u001b[90m  8 | \u001b[39m\u001b[0m\u001b[22m\n\u001b[2m    \u001b[0m \u001b[90m  9 | \u001b[39m  it(\u001b[32m'render matches snapshot'\u001b[39m\u001b[33m,\u001b[39m () \u001b[33m=>\u001b[39m {\u001b[0m\u001b[22m\n\u001b[2m    \u001b[0m\u001b[31m\u001b[1m>\u001b[2m\u001b[39m\u001b[90m 10 | \u001b[39m    \u001b[36mconst\u001b[39m tree \u001b[33m=\u001b[39m shallow(\u001b[33m<\u001b[39m\u001b[33mSelect\u001b[39m \u001b[33m/\u001b[39m\u001b[33m>\u001b[39m)\u001b[0m\u001b[22m\n\u001b[2m    \u001b[0m \u001b[90m    | \u001b[39m                 \u001b[31m\u001b[1m^\u001b[2m\u001b[39m\u001b[0m\u001b[22m\n\u001b[2m    \u001b[0m \u001b[90m 11 | \u001b[39m    expect(toJson(tree))\u001b[33m.\u001b[39mtoMatchSnapshot()\u001b[33m;\u001b[39m\u001b[0m\u001b[22m\n\u001b[2m    \u001b[0m \u001b[90m 12 | \u001b[39m  })\u001b[33m;\u001b[39m\u001b[0m\u001b[22m\n\u001b[2m    \u001b[0m \u001b[90m 13 | \u001b[39m\u001b[0m\u001b[22m\n\u001b[2m\u001b[22m\n\u001b[2m          \u001b[22m\n\u001b[2m      \u001b[2mat validateAdapter (\u001b[2m\u001b[0m\u001b[36mnode_modules/enzyme/build/validateAdapter.js\u001b[39m\u001b[0m\u001b[2m:14:11)\u001b[2m\u001b[22m\n\u001b[2m      \u001b[2mat getAdapter (\u001b[2m\u001b[0m\u001b[36mnode_modules/enzyme/build/Utils.js\u001b[39m\u001b[0m\u001b[2m:76:36)\u001b[2m\u001b[22m\n\u001b[2m      \u001b[2mat new ShallowWrapper (\u001b[2m\u001b[0m\u001b[36mnode_modules/enzyme/build/ShallowWrapper.js\u001b[39m\u001b[0m\u001b[2m:117:44)\u001b[2m\u001b[22m\n\u001b[2m      \u001b[2mat shallow (\u001b[2m\u001b[0m\u001b[36mnode_modules/enzyme/build/shallow.js\u001b[39m\u001b[0m\u001b[2m:19:10)\u001b[2m\u001b[22m\n\u001b[2m      \u001b[2mat Object.<anonymous> (\u001b[2m\u001b[0m\u001b[36msrc/select/src/components/__tests__/Select.test.js\u001b[39m\u001b[0m\u001b[2m:10:18)\u001b[2m\u001b[22m\n\n\u001b[1m\u001b[31m  \u001b[1m● \u001b[1mSelect › attrs classNamePrefix is set to \"lattice-select\"\u001b[39m\u001b[22m\n\n\n          Enzyme Internal Error: Enzyme expects an adapter to be configured, but found none. To\n          configure an adapter, you should call `Enzyme.configure({ adapter: new Adapter() })`\n          before using any of Enzyme's top level APIs, where `Adapter` is the adapter\n          corresponding to the library currently being tested. For example:\n\n          import Adapter from 'enzyme-adapter-react-15';\n\n          To find out more about this, see http://airbnb.io/enzyme/docs/installation/index.html\n\u001b[2m\u001b[22m\n\u001b[2m    \u001b[0m \u001b[90m 13 | \u001b[39m\u001b[0m\u001b[22m\n\u001b[2m    \u001b[0m \u001b[90m 14 | \u001b[39m  it(\u001b[32m'attrs classNamePrefix is set to \"lattice-select\"'\u001b[39m\u001b[33m,\u001b[39m () \u001b[33m=>\u001b[39m {\u001b[0m\u001b[22m\n\u001b[2m    \u001b[0m\u001b[31m\u001b[1m>\u001b[2m\u001b[39m\u001b[90m 15 | \u001b[39m    \u001b[36mconst\u001b[39m wrapper \u001b[33m=\u001b[39m mount(\u001b[33m<\u001b[39m\u001b[33mSelect\u001b[39m \u001b[33m/\u001b[39m\u001b[33m>\u001b[39m)\u001b[33m;\u001b[39m\u001b[0m\u001b[22m\n\u001b[2m    \u001b[0m \u001b[90m    | \u001b[39m                    \u001b[31m\u001b[1m^\u001b[2m\u001b[39m\u001b[0m\u001b[22m\n\u001b[2m    \u001b[0m \u001b[90m 16 | \u001b[39m    expect(wrapper\u001b[33m.\u001b[39minstance()\u001b[33m.\u001b[39mattrs\u001b[33m.\u001b[39mclassNamePrefix)\u001b[33m.\u001b[39mtoEqual(\u001b[32m'lattice-select'\u001b[39m)\u001b[33m;\u001b[39m\u001b[0m\u001b[22m\n\u001b[2m    \u001b[0m \u001b[90m 17 | \u001b[39m  })\u001b[33m;\u001b[39m\u001b[0m\u001b[22m\n\u001b[2m    \u001b[0m \u001b[90m 18 | \u001b[39m\u001b[0m\u001b[22m\n\u001b[2m\u001b[22m\n\u001b[2m          \u001b[22m\n\u001b[2m      \u001b[2mat validateAdapter (\u001b[2m\u001b[0m\u001b[36mnode_modules/enzyme/build/validateAdapter.js\u001b[39m\u001b[0m\u001b[2m:14:11)\u001b[2m\u001b[22m\n\u001b[2m      \u001b[2mat getAdapter (\u001b[2m\u001b[0m\u001b[36mnode_modules/enzyme/build/Utils.js\u001b[39m\u001b[0m\u001b[2m:76:36)\u001b[2m\u001b[22m\n\u001b[2m      \u001b[2mat new ReactWrapper (\u001b[2m\u001b[0m\u001b[36mnode_modules/enzyme/build/ReactWrapper.js\u001b[39m\u001b[0m\u001b[2m:96:44)\u001b[2m\u001b[22m\n\u001b[2m      \u001b[2mat mount (\u001b[2m\u001b[0m\u001b[36mnode_modules/enzyme/build/mount.js\u001b[39m\u001b[0m\u001b[2m:19:10)\u001b[2m\u001b[22m\n\u001b[2m      \u001b[2mat Object.<anonymous> (\u001b[2m\u001b[0m\u001b[36msrc/select/src/components/__tests__/Select.test.js\u001b[39m\u001b[0m\u001b[2m:15:21)\u001b[2m\u001b[22m\n","name":"/Users/solomon/openlattice-frontend/lattice-ui-kit/src/select/src/components/__tests__/Select.test.js","startTime":1532718592726,"status":"failed","summary":""}],"wasInterrupted":false}